<?xml version="1.0" encoding="UTF-8"?>
<!-- Generated by org.testng.reporters.JUnitReportReporter -->
<testsuite skipped="0" hostname="DESKTOP-59AEVU6" name="com.crm.qa.testcases.SignUpPageTest" tests="4" failures="0" timestamp="24 May 2020 09:13:14 GMT" time="157.564" errors="0">
  <testcase name="entryemailTest" time="51.714" classname="com.crm.qa.testcases.SignUpPageTest"/>
  <testcase name="entryephoneTest" time="30.290" classname="com.crm.qa.testcases.SignUpPageTest"/>
  <testcase name="clickcheckboxTest" time="45.017" classname="com.crm.qa.testcases.SignUpPageTest"/>
  <testcase name="clicksignupTest" time="30.543" classname="com.crm.qa.testcases.SignUpPageTest"/>
</testsuite> <!-- com.crm.qa.testcases.SignUpPageTest -->
