<?xml version="1.0" encoding="UTF-8"?>
<!-- Generated by org.testng.reporters.JUnitReportReporter -->
<testsuite skipped="0" hostname="DESKTOP-59AEVU6" name="com.crm.qa.testcases.HomePageTest" tests="4" failures="0" timestamp="24 May 2020 14:45:14 GMT" time="291.811" errors="0">
  <testcase name="verifyHomePageTitleTest" time="69.611" classname="com.crm.qa.testcases.HomePageTest"/>
  <testcase name="verifyUserNameTest" time="100.350" classname="com.crm.qa.testcases.HomePageTest"/>
  <testcase name="verifyContactsLinkTest" time="69.648" classname="com.crm.qa.testcases.HomePageTest"/>
  <testcase name="verifyDealssLinkTest" time="52.202" classname="com.crm.qa.testcases.HomePageTest"/>
</testsuite> <!-- com.crm.qa.testcases.HomePageTest -->
