<?xml version="1.0" encoding="UTF-8"?>
<!-- Generated by org.testng.reporters.JUnitReportReporter -->
<testsuite skipped="0" hostname="DESKTOP-59AEVU6" name="com.crm.qa.testcases.DealsPageTest" tests="2" failures="0" timestamp="25 May 2020 14:42:16 GMT" time="98.152" errors="0">
  <testcase name="verifyDealsPageLabel" time="41.447" classname="com.crm.qa.testcases.DealsPageTest"/>
  <testcase name="VerifySearchDealsTest" time="56.705" classname="com.crm.qa.testcases.DealsPageTest"/>
</testsuite> <!-- com.crm.qa.testcases.DealsPageTest -->
